Arguments: 
  C:\Program Files\nodejs\node.exe C:\Users\alvar\AppData\Roaming\npm\node_modules\yarn\bin\yarn.js add micro-cors[D[D

PATH: 
  C:\Program Files\Common Files\Oracle\Java\javapath;C:\Python38\Scripts\;C:\Python38\;C:\Program Files (x86)\Common Files\Oracle\Java\javapath;C:\Windows\system32;C:\Windows;C:\Windows\System32\Wbem;C:\Windows\System32\WindowsPowerShell\v1.0\;C:\Windows\System32\OpenSSH\;C:\Program Files\nodejs\;C:\Program Files\Git\cmd;C:\ProgramData\chocolatey\bin;C:\Program Files\Java\jdk-11.0.8\bin;C:\Program Files\MySQL\MySQL Shell 8.0\bin\;C:\Users\alvar\AppData\Local\Microsoft\WindowsApps;;C:\Users\alvar\AppData\Local\Programs\Microsoft VS Code\bin;C:\Users\alvar\AppData\Roaming\npm

Yarn version: 
  1.22.4

Node version: 
  12.18.3

Platform: 
  win32 x64

Trace: 
  Error: https://registry.yarnpkg.com/micro-cors[D[D: Not found
      at Request.params.callback [as _callback] (C:\Users\alvar\AppData\Roaming\npm\node_modules\yarn\lib\cli.js:66987:18)
      at Request.self.callback (C:\Users\alvar\AppData\Roaming\npm\node_modules\yarn\lib\cli.js:140748:22)
      at Request.emit (events.js:315:20)
      at Request.<anonymous> (C:\Users\alvar\AppData\Roaming\npm\node_modules\yarn\lib\cli.js:141720:10)
      at Request.emit (events.js:315:20)
      at IncomingMessage.<anonymous> (C:\Users\alvar\AppData\Roaming\npm\node_modules\yarn\lib\cli.js:141642:12)
      at Object.onceWrapper (events.js:421:28)
      at IncomingMessage.emit (events.js:327:22)
      at endReadableNT (_stream_readable.js:1220:12)
      at processTicksAndRejections (internal/process/task_queues.js:84:21)

npm manifest: 
  {
    "name": "sanvicente_api",
    "version": "1.0.0",
    "description": "Modulo Backend para el Proyecto del Colegio San Vicente",
    "main": "index.js",
    "scripts": {
      "lint": "standard",
      "test_bd": "npm run lint && NODE_ENV=test ava DataBase/test/**-test.js",
      "test_api": "npm run lint && NODE_ENV=test ava Services/test/**-test.js",
      "test_file": "npm run lint && NODE_ENV=test ava ServerFile/test/**-test.js"
    },
    "repository": {
      "type": "git",
      "url": "git+https://gitlab.com/flavi0/sanvicente_back.git"
    },
    "author": "Ejemplo autor",
    "license": "MIT",
    "bugs": {
      "url": "https://gitlab.com/flavi0/sanvicente_back/issues"
    },
    "homepage": "https://gitlab.com/flavi0/sanvicente_back#readme",
    "dependencies": {
      "axios": "^0.19.2",
      "bcrypt": "^5.0.0",
      "body-parse": "^0.1.0",
      "body-parser": "^1.19.0",
      "consign": "^0.1.6",
      "del": "^5.1.0",
      "express": "^4.17.1",
      "express-fileupload": "^1.1.7-alpha.4",
      "http-hash": "^2.0.1",
      "jwt-simple": "^0.5.6",
      "micro": "^9.3.4",
      "moment": "^2.27.0",
      "mysql": "^2.18.1",
      "request": "^2.88.2",
      "request-promise": "^4.2.5",
      "uuid": "^8.2.0",
      "validator": "^13.1.1"
    },
    "devDependencies": {
      "ava": "^3.10.1",
      "babel-eslint": "^10.1.0",
      "nodemon": "^2.0.4",
      "standard": "^14.3.4",
      "test-listen": "^1.1.0"
    }
  }

yarn manifest: 
  No manifest

Lockfile: 
  No lockfile
